<?xml version="1.0" encoding="UTF-8"?>
<!-- Generated by org.testng.reporters.JUnitReportReporter -->
<testsuite hostname="QT-INBG-LT1164" failures="0" tests="3" name="TravelAgency.blazedemo.BlazeDemoTest" time="2.734" errors="0" timestamp="20 Dec 2021 05:29:56 GMT" skipped="0">
  <testcase classname="TravelAgency.blazedemo.BlazeDemoTest" name="verifyDepartureAndDestination" time="0.592"/>
  <testcase classname="TravelAgency.blazedemo.BlazeDemoTest" name="verifyFlightBooking" time="0.468"/>
  <testcase classname="TravelAgency.blazedemo.BlazeDemoTest" name="verifyFlightPurchasePage" time="1.674"/>
</testsuite> <!-- TravelAgency.blazedemo.BlazeDemoTest -->
