<?xml version="1.0" encoding="UTF-8"?>
<!-- Generated by org.testng.reporters.JUnitReportReporter -->
<testsuite hostname="QT-INBG-LT1164" failures="0" tests="1" name="TravelAgency.blazedemo.AppTest" time="0.002" errors="0" timestamp="20 Dec 2021 05:29:56 GMT" skipped="0">
  <testcase classname="TravelAgency.blazedemo.AppTest" name="App" time="0.002"/>
</testsuite> <!-- TravelAgency.blazedemo.AppTest -->
